2018-08-21 18:43:59,689 INFO o.a.j.u.JMeterUtils: Setting Locale to en_EN
2018-08-21 18:43:59,708 INFO o.a.j.JMeter: Loading user properties from: /Users/RajeshChaudhary/Documents/Jmeter/bin/user.properties
2018-08-21 18:43:59,708 INFO o.a.j.JMeter: Loading system properties from: /Users/RajeshChaudhary/Documents/Jmeter/bin/system.properties
2018-08-21 18:43:59,715 INFO o.a.j.JMeter: Copyright (c) 1998-2018 The Apache Software Foundation
2018-08-21 18:43:59,715 INFO o.a.j.JMeter: Version 4.0 r1823414
2018-08-21 18:43:59,715 INFO o.a.j.JMeter: java.version=1.8.0_151
2018-08-21 18:43:59,715 INFO o.a.j.JMeter: java.vm.name=Java HotSpot(TM) 64-Bit Server VM
2018-08-21 18:43:59,715 INFO o.a.j.JMeter: os.name=Mac OS X
2018-08-21 18:43:59,715 INFO o.a.j.JMeter: os.arch=x86_64
2018-08-21 18:43:59,715 INFO o.a.j.JMeter: os.version=10.13
2018-08-21 18:43:59,715 INFO o.a.j.JMeter: file.encoding=US-ASCII
2018-08-21 18:43:59,715 INFO o.a.j.JMeter: Max memory     =1073741824
2018-08-21 18:43:59,715 INFO o.a.j.JMeter: Available Processors =8
2018-08-21 18:43:59,719 INFO o.a.j.JMeter: Default Locale=English (EN)
2018-08-21 18:43:59,719 INFO o.a.j.JMeter: JMeter  Locale=English (EN)
2018-08-21 18:43:59,719 INFO o.a.j.JMeter: JMeterHome=/Users/RajeshChaudhary/Documents/Jmeter
2018-08-21 18:43:59,719 INFO o.a.j.JMeter: user.dir  =/Users/RajeshChaudhary/Documents/zap-performance
2018-08-21 18:43:59,719 INFO o.a.j.JMeter: PWD       =/Users/RajeshChaudhary/Documents/zap-performance
2018-08-21 18:43:59,721 INFO o.a.j.JMeter: IP: 172.16.8.222 Name: ZC-RajeshCs-MacBook-Pro.local FullName: 172.16.8.222
2018-08-21 18:44:02,939 INFO o.a.j.g.a.LookAndFeelCommand: Installing Darcula LAF
2018-08-21 18:44:02,956 INFO o.a.j.g.a.LookAndFeelCommand: Using look and feel: com.bulenkov.darcula.DarculaLaf [Darcula]
2018-08-21 18:44:02,956 INFO o.a.j.JMeter: Setting LAF to: com.bulenkov.darcula.DarculaLaf
2018-08-21 18:44:03,095 INFO o.a.j.JMeter: Loaded icon properties from org/apache/jmeter/images/icon.properties
2018-08-21 18:44:03,706 INFO o.a.j.e.u.CompoundVariable: Note: Function class names must contain the string: '.functions.'
2018-08-21 18:44:03,706 INFO o.a.j.e.u.CompoundVariable: Note: Function class names must not contain the string: '.gui.'
2018-08-21 18:44:05,436 INFO o.a.j.p.h.s.HTTPSamplerBase: Parser for text/html is org.apache.jmeter.protocol.http.parser.LagartoBasedHtmlParser
2018-08-21 18:44:05,436 INFO o.a.j.p.h.s.HTTPSamplerBase: Parser for application/xhtml+xml is org.apache.jmeter.protocol.http.parser.LagartoBasedHtmlParser
2018-08-21 18:44:05,436 INFO o.a.j.p.h.s.HTTPSamplerBase: Parser for application/xml is org.apache.jmeter.protocol.http.parser.LagartoBasedHtmlParser
2018-08-21 18:44:05,437 INFO o.a.j.p.h.s.HTTPSamplerBase: Parser for text/xml is org.apache.jmeter.protocol.http.parser.LagartoBasedHtmlParser
2018-08-21 18:44:05,437 INFO o.a.j.p.h.s.HTTPSamplerBase: Parser for text/vnd.wap.wml is org.apache.jmeter.protocol.http.parser.RegexpHTMLParser
2018-08-21 18:44:05,437 INFO o.a.j.p.h.s.HTTPSamplerBase: Parser for text/css is org.apache.jmeter.protocol.http.parser.CssParser
2018-08-21 18:44:05,810 INFO o.a.j.e.KeyToolUtils: keytool found at 'keytool'
2018-08-21 18:44:05,811 INFO o.a.j.p.h.p.ProxyControl: HTTP(S) Test Script Recorder SSL Proxy will use keys that support embedded 3rd party resources in file /Users/RajeshChaudhary/Documents/Jmeter/bin/proxyserver.jks
2018-08-21 18:44:05,930 INFO o.a.j.s.FileServer: Default base='/Users/RajeshChaudhary/Documents/zap-performance'
2018-08-21 18:44:06,241 INFO o.a.j.s.SampleResult: Note: Sample TimeStamps are START times
2018-08-21 18:44:06,242 INFO o.a.j.s.SampleResult: sampleresult.default.encoding is set to ISO-8859-1
2018-08-21 18:44:06,242 INFO o.a.j.s.SampleResult: sampleresult.useNanoTime=true
2018-08-21 18:44:06,242 INFO o.a.j.s.SampleResult: sampleresult.nanoThreadSleep=5000
2018-08-21 18:44:11,499 INFO o.a.j.g.a.Load: Loading file: /Users/RajeshChaudhary/Documents/zap-performance/src/test/jmeter/Zap.jmx
2018-08-21 18:44:11,509 INFO o.a.j.s.FileServer: Set new base='/Users/RajeshChaudhary/Documents/zap-performance/src/test/jmeter'
2018-08-21 18:44:11,638 INFO o.a.j.s.SaveService: Testplan (JMX) version: 2.2. Testlog (JTL) version: 2.2
2018-08-21 18:44:11,651 INFO o.a.j.s.SaveService: Using SaveService properties file encoding UTF-8
2018-08-21 18:44:11,652 INFO o.a.j.s.SaveService: Using SaveService properties version 4.0
2018-08-21 18:44:11,655 INFO o.a.j.s.SaveService: Loading file: /Users/RajeshChaudhary/Documents/zap-performance/src/test/jmeter/Zap.jmx
2018-08-21 18:44:11,803 INFO o.a.j.s.FileServer: Set new base='/Users/RajeshChaudhary/Documents/zap-performance/src/test/jmeter'
